# JRE version: OpenJDK Runtime Environment (8.0_242-b01) (build 1.8.0_242-release-1644-b01)
# Java VM: OpenJDK 64-Bit Server VM (25.242-b01 mixed mode windows-amd64 compressed oops)
Heap:
 PSYoungGen      total 436224K, used 115610K [0x00000000e0000000, 0x00000000ff600000, 0x0000000100000000)
  eden space 358400K, 31% used [0x00000000e0000000,0x00000000e6e7aa58,0x00000000f5e00000)
  from space 77824K, 3% used [0x00000000f5e00000,0x00000000f606c020,0x00000000faa00000)
  to   space 71680K, 0% used [0x00000000fb000000,0x00000000fb000000,0x00000000ff600000)
 ParOldGen       total 347648K, used 147587K [0x00000000a0000000, 0x00000000b5380000, 0x00000000e0000000)
  object space 347648K, 42% used [0x00000000a0000000,0x00000000a9020d00,0x00000000b5380000)
 Metaspace       used 140743K, capacity 149456K, committed 149544K, reserved 1179648K
  class space    used 18145K, capacity 19722K, committed 19760K, reserved 1048576K
GC Heap History (10 events):
Event: 13716.190 GC heap before
{Heap before GC invocations=46 (full 6):
 PSYoungGen      total 412160K, used 334603K [0x00000000e0000000, 0x0000000100000000, 0x0000000100000000)
  eden space 314880K, 100% used [0x00000000e0000000,0x00000000f3380000,0x00000000f3380000)
  from space 97280K, 20% used [0x00000000f3380000,0x00000000f46c2e20,0x00000000f9280000)
  to   space 93184K, 0% used [0x00000000fa500000,0x00000000fa500000,0x0000000100000000)
 ParOldGen       total 347648K, used 119376K [0x00000000a0000000, 0x00000000b5380000, 0x00000000e0000000)
  object space 347648K, 34% used [0x00000000a0000000,0x00000000a7494350,0x00000000b5380000)
 Metaspace       used 140428K, capacity 149134K, committed 149288K, reserved 1179648K
  class space    used 18142K, capacity 19719K, committed 19760K, reserved 1048576K
Event: 13716.271 GC heap after
Heap after GC invocations=46 (full 6):
 PSYoungGen      total 412672K, used 22766K [0x00000000e0000000, 0x00000000ff200000, 0x0000000100000000)
  eden space 333824K, 0% used [0x00000000e0000000,0x00000000e0000000,0x00000000f4600000)
  from space 78848K, 28% used [0x00000000fa500000,0x00000000fbb3b830,0x00000000ff200000)
  to   space 88064K, 0% used [0x00000000f4600000,0x00000000f4600000,0x00000000f9c00000)
 ParOldGen       total 347648K, used 119376K [0x00000000a0000000, 0x00000000b5380000, 0x00000000e0000000)
  object space 347648K, 34% used [0x00000000a0000000,0x00000000a7494350,0x00000000b5380000)
 Metaspace       used 140428K, capacity 149134K, committed 149288K, reserved 1179648K
  class space    used 18142K, capacity 19719K, committed 19760K, reserved 1048576K
}
Event: 13719.038 GC heap before
{Heap before GC invocations=47 (full 6):
 PSYoungGen      total 412672K, used 356590K [0x00000000e0000000, 0x00000000ff200000, 0x0000000100000000)
  eden space 333824K, 100% used [0x00000000e0000000,0x00000000f4600000,0x00000000f4600000)
  from space 78848K, 28% used [0x00000000fa500000,0x00000000fbb3b830,0x00000000ff200000)
  to   space 88064K, 0% used [0x00000000f4600000,0x00000000f4600000,0x00000000f9c00000)
 ParOldGen       total 347648K, used 119376K [0x00000000a0000000, 0x00000000b5380000, 0x00000000e0000000)
  object space 347648K, 34% used [0x00000000a0000000,0x00000000a7494350,0x00000000b5380000)
 Metaspace       used 140464K, capacity 149206K, committed 149288K, reserved 1179648K
  class space    used 18143K, capacity 19719K, committed 19760K, reserved 1048576K
Event: 13719.233 GC heap after
Heap after GC invocations=47 (full 6):
 PSYoungGen      total 421888K, used 9499K [0x00000000e0000000, 0x0000000100000000, 0x0000000100000000)
  eden space 333824K, 0% used [0x00000000e0000000,0x00000000e0000000,0x00000000f4600000)
  from space 88064K, 10% used [0x00000000f4600000,0x00000000f4f46e90,0x00000000f9c00000)
  to   space 85504K, 0% used [0x00000000fac80000,0x00000000fac80000,0x0000000100000000)
 ParOldGen       total 347648K, used 130172K [0x00000000a0000000, 0x00000000b5380000, 0x00000000e0000000)
  object space 347648K, 37% used [0x00000000a0000000,0x00000000a7f1f070,0x00000000b5380000)
 Metaspace       used 140464K, capacity 149206K, committed 149288K, reserved 1179648K
  class space    used 18143K, capacity 19719K, committed 19760K, reserved 1048576K
}
Event: 13721.699 GC heap before
{Heap before GC invocations=48 (full 6):
 PSYoungGen      total 421888K, used 343323K [0x00000000e0000000, 0x0000000100000000, 0x0000000100000000)
  eden space 333824K, 100% used [0x00000000e0000000,0x00000000f4600000,0x00000000f4600000)
  from space 88064K, 10% used [0x00000000f4600000,0x00000000f4f46e90,0x00000000f9c00000)
  to   space 85504K, 0% used [0x00000000fac80000,0x00000000fac80000,0x0000000100000000)
 ParOldGen       total 347648K, used 130172K [0x00000000a0000000, 0x00000000b5380000, 0x00000000e0000000)
  object space 347648K, 37% used [0x00000000a0000000,0x00000000a7f1f070,0x00000000b5380000)
 Metaspace       used 140544K, capacity 149282K, committed 149544K, reserved 1179648K
  class space    used 18143K, capacity 19719K, committed 19760K, reserved 1048576K
Event: 13721.766 GC heap after
Heap after GC invocations=48 (full 6):
 PSYoungGen      total 430592K, used 3251K [0x00000000e0000000, 0x00000000ffa80000, 0x0000000100000000)
  eden space 350720K, 0% used [0x00000000e0000000,0x00000000e0000000,0x00000000f5680000)
  from space 79872K, 4% used [0x00000000fac80000,0x00000000fafacd10,0x00000000ffa80000)
  to   space 83968K, 0% used [0x00000000f5680000,0x00000000f5680000,0x00000000fa880000)
 ParOldGen       total 347648K, used 135348K [0x00000000a0000000, 0x00000000b5380000, 0x00000000e0000000)
  object space 347648K, 38% used [0x00000000a0000000,0x00000000a842d370,0x00000000b5380000)
 Metaspace       used 140544K, capacity 149282K, committed 149544K, reserved 1179648K
  class space    used 18143K, capacity 19719K, committed 19760K, reserved 1048576K
}
Event: 13725.251 GC heap before
{Heap before GC invocations=49 (full 6):
 PSYoungGen      total 430592K, used 353971K [0x00000000e0000000, 0x00000000ffa80000, 0x0000000100000000)
  eden space 350720K, 100% used [0x00000000e0000000,0x00000000f5680000,0x00000000f5680000)
  from space 79872K, 4% used [0x00000000fac80000,0x00000000fafacd10,0x00000000ffa80000)
  to   space 83968K, 0% used [0x00000000f5680000,0x00000000f5680000,0x00000000fa880000)
 ParOldGen       total 347648K, used 135348K [0x00000000a0000000, 0x00000000b5380000, 0x00000000e0000000)
  object space 347648K, 38% used [0x00000000a0000000,0x00000000a842d370,0x00000000b5380000)
 Metaspace       used 140655K, capacity 149354K, committed 149544K, reserved 1179648K
  class space    used 18144K, capacity 19721K, committed 19760K, reserved 1048576K
Event: 13725.314 GC heap after
Heap after GC invocations=49 (full 6):
 PSYoungGen      total 434688K, used 3803K [0x00000000e0000000, 0x0000000100000000, 0x0000000100000000)
  eden space 350720K, 0% used [0x00000000e0000000,0x00000000e0000000,0x00000000f5680000)
  from space 83968K, 4% used [0x00000000f5680000,0x00000000f5a36dc8,0x00000000fa880000)
  to   space 81920K, 0% used [0x00000000fb000000,0x00000000fb000000,0x0000000100000000)
 ParOldGen       total 347648K, used 136840K [0x00000000a0000000, 0x00000000b5380000, 0x00000000e0000000)
  object space 347648K, 39% used [0x00000000a0000000,0x00000000a85a2250,0x00000000b5380000)
 Metaspace       used 140655K, capacity 149354K, committed 149544K, reserved 1179648K
  class space    used 18144K, capacity 19721K, committed 19760K, reserved 1048576K
}
Event: 13729.464 GC heap before
{Heap before GC invocations=50 (full 6):
 PSYoungGen      total 434688K, used 354523K [0x00000000e0000000, 0x0000000100000000, 0x0000000100000000)
  eden space 350720K, 100% used [0x00000000e0000000,0x00000000f5680000,0x00000000f5680000)
  from space 83968K, 4% used [0x00000000f5680000,0x00000000f5a36dc8,0x00000000fa880000)
  to   space 81920K, 0% used [0x00000000fb000000,0x00000000fb000000,0x0000000100000000)
 ParOldGen       total 347648K, used 136840K [0x00000000a0000000, 0x00000000b5380000, 0x00000000e0000000)
  object space 347648K, 39% used [0x00000000a0000000,0x00000000a85a2250,0x00000000b5380000)
 Metaspace       used 140695K, capacity 149436K, committed 149544K, reserved 1179648K
  class space    used 18145K, capacity 19722K, committed 19760K, reserved 1048576K
Event: 13729.521 GC heap after
Heap after GC invocations=50 (full 6):
 PSYoungGen      total 430080K, used 12264K [0x00000000e0000000, 0x00000000ff600000, 0x0000000100000000)
  eden space 358400K, 0% used [0x00000000e0000000,0x00000000e0000000,0x00000000f5e00000)
  from space 71680K, 17% used [0x00000000fb000000,0x00000000fbbfa0e0,0x00000000ff600000)
  to   space 77824K, 0% used [0x00000000f5e00000,0x00000000f5e00000,0x00000000faa00000)
 ParOldGen       total 347648K, used 138980K [0x00000000a0000000, 0x00000000b5380000, 0x00000000e0000000)
  object space 347648K, 39% used [0x00000000a0000000,0x00000000a87b9300,0x00000000b5380000)
 Metaspace       used 140695K, capacity 149436K, committed 149544K, reserved 1179648K
  class space    used 18145K, capacity 19722K, committed 19760K, reserved 1048576K
}

